INFO:     Will watch for changes in these directories: ['/Users/lindseystevens/DNC Portal/backend']
INFO:     Uvicorn running on http://0.0.0.0:8000 (Press CTRL+C to quit)
INFO:     Started reloader process [9481] using WatchFiles
Process SpawnProcess-1:
Traceback (most recent call last):
  File "/Library/Frameworks/Python.framework/Versions/3.12/lib/python3.12/multiprocessing/process.py", line 314, in _bootstrap
    self.run()
  File "/Library/Frameworks/Python.framework/Versions/3.12/lib/python3.12/multiprocessing/process.py", line 108, in run
    self._target(*self._args, **self._kwargs)
  File "/Users/lindseystevens/Library/Caches/pypoetry/virtualenvs/do-not-call-backend-U_1ofiFW-py3.12/lib/python3.12/site-packages/uvicorn/_subprocess.py", line 76, in subprocess_started
    target(sockets=sockets)
  File "/Users/lindseystevens/Library/Caches/pypoetry/virtualenvs/do-not-call-backend-U_1ofiFW-py3.12/lib/python3.12/site-packages/uvicorn/server.py", line 61, in run
    return asyncio.run(self.serve(sockets=sockets))
           ^^^^^^^^^^^^^^^^^^^^^^^^^^^^^^^^^^^^^^^^
  File "/Library/Frameworks/Python.framework/Versions/3.12/lib/python3.12/asyncio/runners.py", line 194, in run
    return runner.run(main)
           ^^^^^^^^^^^^^^^^
  File "/Library/Frameworks/Python.framework/Versions/3.12/lib/python3.12/asyncio/runners.py", line 118, in run
    return self._loop.run_until_complete(task)
           ^^^^^^^^^^^^^^^^^^^^^^^^^^^^^^^^^^^
  File "uvloop/loop.pyx", line 1518, in uvloop.loop.Loop.run_until_complete
  File "/Users/lindseystevens/Library/Caches/pypoetry/virtualenvs/do-not-call-backend-U_1ofiFW-py3.12/lib/python3.12/site-packages/uvicorn/server.py", line 68, in serve
    config.load()
  File "/Users/lindseystevens/Library/Caches/pypoetry/virtualenvs/do-not-call-backend-U_1ofiFW-py3.12/lib/python3.12/site-packages/uvicorn/config.py", line 467, in load
    self.loaded_app = import_from_string(self.app)
                      ^^^^^^^^^^^^^^^^^^^^^^^^^^^^
  File "/Users/lindseystevens/Library/Caches/pypoetry/virtualenvs/do-not-call-backend-U_1ofiFW-py3.12/lib/python3.12/site-packages/uvicorn/importer.py", line 24, in import_from_string
    raise exc from None
  File "/Users/lindseystevens/Library/Caches/pypoetry/virtualenvs/do-not-call-backend-U_1ofiFW-py3.12/lib/python3.12/site-packages/uvicorn/importer.py", line 21, in import_from_string
    module = importlib.import_module(module_str)
             ^^^^^^^^^^^^^^^^^^^^^^^^^^^^^^^^^^^
  File "/Library/Frameworks/Python.framework/Versions/3.12/lib/python3.12/importlib/__init__.py", line 90, in import_module
    return _bootstrap._gcd_import(name[level:], package, level)
           ^^^^^^^^^^^^^^^^^^^^^^^^^^^^^^^^^^^^^^^^^^^^^^^^^^^^
  File "<frozen importlib._bootstrap>", line 1387, in _gcd_import
  File "<frozen importlib._bootstrap>", line 1360, in _find_and_load
  File "<frozen importlib._bootstrap>", line 1331, in _find_and_load_unlocked
  File "<frozen importlib._bootstrap>", line 935, in _load_unlocked
  File "<frozen importlib._bootstrap_external>", line 995, in exec_module
  File "<frozen importlib._bootstrap>", line 488, in _call_with_frames_removed
  File "/Users/lindseystevens/DNC Portal/backend/do_not_call/main.py", line 10, in <module>
    from .api.v1 import phone_numbers, crm_integrations, consent, reports, dnc_processor, free_dnc_api, tenants, cron
  File "/Users/lindseystevens/DNC Portal/backend/do_not_call/api/v1/crm_integrations.py", line 15, in <module>
    from ...core.crm_clients.ringcentral import RingCentralClient
  File "/Users/lindseystevens/DNC Portal/backend/do_not_call/core/crm_clients/ringcentral.py", line 5, in <module>
    from ..config import settings
ModuleNotFoundError: No module named 'do_not_call.core.config'
WARNING:  WatchFiles detected changes in 'do_not_call/core/crm_clients/ringcentral.py'. Reloading...
Process SpawnProcess-2:
Traceback (most recent call last):
  File "/Library/Frameworks/Python.framework/Versions/3.12/lib/python3.12/multiprocessing/process.py", line 314, in _bootstrap
    self.run()
  File "/Library/Frameworks/Python.framework/Versions/3.12/lib/python3.12/multiprocessing/process.py", line 108, in run
    self._target(*self._args, **self._kwargs)
  File "/Users/lindseystevens/Library/Caches/pypoetry/virtualenvs/do-not-call-backend-U_1ofiFW-py3.12/lib/python3.12/site-packages/uvicorn/_subprocess.py", line 76, in subprocess_started
    target(sockets=sockets)
  File "/Users/lindseystevens/Library/Caches/pypoetry/virtualenvs/do-not-call-backend-U_1ofiFW-py3.12/lib/python3.12/site-packages/uvicorn/server.py", line 61, in run
    return asyncio.run(self.serve(sockets=sockets))
           ^^^^^^^^^^^^^^^^^^^^^^^^^^^^^^^^^^^^^^^^
  File "/Library/Frameworks/Python.framework/Versions/3.12/lib/python3.12/asyncio/runners.py", line 194, in run
    return runner.run(main)
           ^^^^^^^^^^^^^^^^
  File "/Library/Frameworks/Python.framework/Versions/3.12/lib/python3.12/asyncio/runners.py", line 118, in run
    return self._loop.run_until_complete(task)
           ^^^^^^^^^^^^^^^^^^^^^^^^^^^^^^^^^^^
  File "uvloop/loop.pyx", line 1518, in uvloop.loop.Loop.run_until_complete
  File "/Users/lindseystevens/Library/Caches/pypoetry/virtualenvs/do-not-call-backend-U_1ofiFW-py3.12/lib/python3.12/site-packages/uvicorn/server.py", line 68, in serve
    config.load()
  File "/Users/lindseystevens/Library/Caches/pypoetry/virtualenvs/do-not-call-backend-U_1ofiFW-py3.12/lib/python3.12/site-packages/uvicorn/config.py", line 467, in load
    self.loaded_app = import_from_string(self.app)
                      ^^^^^^^^^^^^^^^^^^^^^^^^^^^^
  File "/Users/lindseystevens/Library/Caches/pypoetry/virtualenvs/do-not-call-backend-U_1ofiFW-py3.12/lib/python3.12/site-packages/uvicorn/importer.py", line 24, in import_from_string
    raise exc from None
  File "/Users/lindseystevens/Library/Caches/pypoetry/virtualenvs/do-not-call-backend-U_1ofiFW-py3.12/lib/python3.12/site-packages/uvicorn/importer.py", line 21, in import_from_string
    module = importlib.import_module(module_str)
             ^^^^^^^^^^^^^^^^^^^^^^^^^^^^^^^^^^^
  File "/Library/Frameworks/Python.framework/Versions/3.12/lib/python3.12/importlib/__init__.py", line 90, in import_module
    return _bootstrap._gcd_import(name[level:], package, level)
           ^^^^^^^^^^^^^^^^^^^^^^^^^^^^^^^^^^^^^^^^^^^^^^^^^^^^
  File "<frozen importlib._bootstrap>", line 1387, in _gcd_import
  File "<frozen importlib._bootstrap>", line 1360, in _find_and_load
  File "<frozen importlib._bootstrap>", line 1331, in _find_and_load_unlocked
  File "<frozen importlib._bootstrap>", line 935, in _load_unlocked
  File "<frozen importlib._bootstrap_external>", line 995, in exec_module
  File "<frozen importlib._bootstrap>", line 488, in _call_with_frames_removed
  File "/Users/lindseystevens/DNC Portal/backend/do_not_call/main.py", line 10, in <module>
    from .api.v1 import phone_numbers, crm_integrations, consent, reports, dnc_processor, free_dnc_api, tenants, cron
  File "/Users/lindseystevens/DNC Portal/backend/do_not_call/api/v1/crm_integrations.py", line 16, in <module>
    from ...core.crm_clients.convoso import ConvosoClient
  File "/Users/lindseystevens/DNC Portal/backend/do_not_call/core/crm_clients/convoso.py", line 5, in <module>
    from ..config import settings
ModuleNotFoundError: No module named 'do_not_call.core.config'
WARNING:  WatchFiles detected changes in 'do_not_call/core/crm_clients/convoso.py'. Reloading...
Process SpawnProcess-3:
Traceback (most recent call last):
  File "/Library/Frameworks/Python.framework/Versions/3.12/lib/python3.12/multiprocessing/process.py", line 314, in _bootstrap
    self.run()
  File "/Library/Frameworks/Python.framework/Versions/3.12/lib/python3.12/multiprocessing/process.py", line 108, in run
    self._target(*self._args, **self._kwargs)
  File "/Users/lindseystevens/Library/Caches/pypoetry/virtualenvs/do-not-call-backend-U_1ofiFW-py3.12/lib/python3.12/site-packages/uvicorn/_subprocess.py", line 76, in subprocess_started
    target(sockets=sockets)
  File "/Users/lindseystevens/Library/Caches/pypoetry/virtualenvs/do-not-call-backend-U_1ofiFW-py3.12/lib/python3.12/site-packages/uvicorn/server.py", line 61, in run
    return asyncio.run(self.serve(sockets=sockets))
           ^^^^^^^^^^^^^^^^^^^^^^^^^^^^^^^^^^^^^^^^
  File "/Library/Frameworks/Python.framework/Versions/3.12/lib/python3.12/asyncio/runners.py", line 194, in run
    return runner.run(main)
           ^^^^^^^^^^^^^^^^
  File "/Library/Frameworks/Python.framework/Versions/3.12/lib/python3.12/asyncio/runners.py", line 118, in run
    return self._loop.run_until_complete(task)
           ^^^^^^^^^^^^^^^^^^^^^^^^^^^^^^^^^^^
  File "uvloop/loop.pyx", line 1518, in uvloop.loop.Loop.run_until_complete
  File "/Users/lindseystevens/Library/Caches/pypoetry/virtualenvs/do-not-call-backend-U_1ofiFW-py3.12/lib/python3.12/site-packages/uvicorn/server.py", line 68, in serve
    config.load()
  File "/Users/lindseystevens/Library/Caches/pypoetry/virtualenvs/do-not-call-backend-U_1ofiFW-py3.12/lib/python3.12/site-packages/uvicorn/config.py", line 467, in load
    self.loaded_app = import_from_string(self.app)
                      ^^^^^^^^^^^^^^^^^^^^^^^^^^^^
  File "/Users/lindseystevens/Library/Caches/pypoetry/virtualenvs/do-not-call-backend-U_1ofiFW-py3.12/lib/python3.12/site-packages/uvicorn/importer.py", line 24, in import_from_string
    raise exc from None
  File "/Users/lindseystevens/Library/Caches/pypoetry/virtualenvs/do-not-call-backend-U_1ofiFW-py3.12/lib/python3.12/site-packages/uvicorn/importer.py", line 21, in import_from_string
    module = importlib.import_module(module_str)
             ^^^^^^^^^^^^^^^^^^^^^^^^^^^^^^^^^^^
  File "/Library/Frameworks/Python.framework/Versions/3.12/lib/python3.12/importlib/__init__.py", line 90, in import_module
    return _bootstrap._gcd_import(name[level:], package, level)
           ^^^^^^^^^^^^^^^^^^^^^^^^^^^^^^^^^^^^^^^^^^^^^^^^^^^^
  File "<frozen importlib._bootstrap>", line 1387, in _gcd_import
  File "<frozen importlib._bootstrap>", line 1360, in _find_and_load
  File "<frozen importlib._bootstrap>", line 1331, in _find_and_load_unlocked
  File "<frozen importlib._bootstrap>", line 935, in _load_unlocked
  File "<frozen importlib._bootstrap_external>", line 995, in exec_module
  File "<frozen importlib._bootstrap>", line 488, in _call_with_frames_removed
  File "/Users/lindseystevens/DNC Portal/backend/do_not_call/main.py", line 10, in <module>
    from .api.v1 import phone_numbers, crm_integrations, consent, reports, dnc_processor, free_dnc_api, tenants, cron
  File "/Users/lindseystevens/DNC Portal/backend/do_not_call/api/v1/crm_integrations.py", line 17, in <module>
    from ...core.crm_clients.ytel import YtelClient
  File "/Users/lindseystevens/DNC Portal/backend/do_not_call/core/crm_clients/ytel.py", line 5, in <module>
    from ..config import settings
ModuleNotFoundError: No module named 'do_not_call.core.config'
WARNING:  WatchFiles detected changes in 'do_not_call/core/crm_clients/ytel.py'. Reloading...
INFO:     Started server process [26115]
INFO:     Waiting for application startup.
2025-09-04 17:22:47.507 | INFO     | do_not_call.main:lifespan:19 - Starting Do Not Call List Manager API...
2025-09-04 17:22:47.510 | INFO     | do_not_call.core.database:init_db:44 - Database tables created successfully
2025-09-04 17:22:47.510 | INFO     | do_not_call.main:lifespan:21 - Database initialized successfully
INFO:     Application startup complete.
./start_dev.sh: line 69:  9481 Killed: 9               poetry run uvicorn do_not_call.main:app --host 0.0.0.0 --port 8000 --reload
