
> do-not-call-frontend@0.0.0 dev /Users/lindseystevens/DNC Portal/frontend
> vite


  VITE v5.4.19  ready in 223 ms

  ➜  Local:   http://localhost:5173/
  ➜  Network: http://10.10.9.212:5173/
2:14:01 PM [vite] hmr update /src/components/admin/SystemsCheckPane.tsx, /src/index.css
2:14:31 PM [vite] hmr update /src/components/phone-input/PhoneInput.tsx, /src/index.css
2:14:46 PM [vite] hmr update /src/components/admin/UserRequestHistory.tsx, /src/index.css
2:15:27 PM [vite] hmr update /src/components/admin/AdminSamplesGaps.tsx, /src/index.css
2:16:02 PM [vite] hmr update /src/components/admin/AdminSystemsCheck.tsx, /src/index.css
2:16:37 PM [vite] hmr update /src/components/admin/AdminRequestDetail.tsx, /src/index.css
2:17:05 PM [vite] hmr update /src/components/admin/AdminLitigation.tsx, /src/index.css
2:17:36 PM [vite] hmr update /src/components/admin/SystemsCheckPane.tsx, /src/index.css
2:17:36 PM [vite] hmr update /src/components/phone-input/PhoneInput.tsx, /src/index.css
2:17:36 PM [vite] hmr update /src/components/admin/UserRequestHistory.tsx, /src/index.css
2:17:36 PM [vite] hmr update /src/components/admin/AdminRequestDetail.tsx, /src/index.css
2:17:36 PM [vite] hmr update /src/components/admin/AdminSystemsCheck.tsx, /src/index.css
2:17:36 PM [vite] hmr update /src/components/admin/AdminSamplesGaps.tsx, /src/index.css
2:17:36 PM [vite] hmr update /src/components/admin/AdminLitigation.tsx, /src/index.css
2:17:39 PM [vite] hmr update /src/components/admin/SystemsCheckPane.tsx, /src/index.css
2:17:39 PM [vite] hmr update /src/components/phone-input/PhoneInput.tsx, /src/index.css
2:17:39 PM [vite] hmr update /src/components/admin/UserRequestHistory.tsx, /src/index.css
2:17:39 PM [vite] hmr update /src/components/admin/AdminSamplesGaps.tsx, /src/index.css
2:17:39 PM [vite] hmr update /src/components/admin/AdminRequestDetail.tsx, /src/index.css
2:17:39 PM [vite] hmr update /src/components/admin/AdminSystemsCheck.tsx, /src/index.css
2:17:39 PM [vite] hmr update /src/components/admin/AdminLitigation.tsx, /src/index.css
2:28:51 PM [vite] hmr update /src/components/admin/AdminDncRequests.tsx, /src/index.css
2:29:12 PM [vite] hmr update /src/components/admin/AdminDncRequests.tsx, /src/index.css
4:10:16 PM [vite] hmr update /src/index.css, /src/App.tsx, /src/components/admin/AdminDashboard.tsx
4:10:34 PM [vite] hmr update /src/index.css, /src/App.tsx, /src/components/admin/AdminDashboard.tsx
